# JRE version: OpenJDK Runtime Environment JBR-17.0.14+1-1367.22-nomod (17.0.14+1) (build 17.0.14+1-b1367.22)
# Java VM: OpenJDK 64-Bit Server VM JBR-17.0.14+1-1367.22-nomod (17.0.14+1-b1367.22, mixed mode, sharing, tiered, compressed oops, compressed class ptrs, g1 gc, windows-amd64)
GC Precious Log:
 CPUs: 12 total, 12 available
 Memory: 7914M
 Large Page Support: Disabled
 NUMA Support: Disabled
 Compressed Oops: Enabled (32-bit)
 Heap Region Size: 1M
 Heap Min Capacity: 8M
 Heap Initial Capacity: 124M
 Heap Max Capacity: 1980M
 Pre-touch: Disabled
 Parallel Workers: 10
 Concurrent Workers: 3
 Concurrent Refinement Workers: 10
 Periodic GC: Disabled
Heap:
 garbage-first heap   total 61440K, used 34432K [0x0000000084400000, 0x0000000100000000)
  region size 1024K, 14 young (14336K), 2 survivors (2048K)
 Metaspace       used 61278K, committed 61760K, reserved 1114112K
  class space    used 8402K, committed 8640K, reserved 1048576K
GC Heap History (20 events):
Event: 1.876 GC heap before
{Heap before GC invocations=1 (full 0):
 garbage-first heap   total 126976K, used 35280K [0x0000000084400000, 0x0000000100000000)
  region size 1024K, 31 young (31744K), 3 survivors (3072K)
 Metaspace       used 14050K, committed 14272K, reserved 1114112K
  class space    used 1755K, committed 1856K, reserved 1048576K
}
Event: 1.885 GC heap after
{Heap after GC invocations=2 (full 0):
 garbage-first heap   total 126976K, used 10187K [0x0000000084400000, 0x0000000100000000)
  region size 1024K, 3 young (3072K), 3 survivors (3072K)
 Metaspace       used 14050K, committed 14272K, reserved 1114112K
  class space    used 1755K, committed 1856K, reserved 1048576K
}
Event: 2.950 GC heap before
{Heap before GC invocations=2 (full 0):
 garbage-first heap   total 126976K, used 52171K [0x0000000084400000, 0x0000000100000000)
  region size 1024K, 46 young (47104K), 3 survivors (3072K)
 Metaspace       used 21244K, committed 21504K, reserved 1114112K
  class space    used 2691K, committed 2816K, reserved 1048576K
}
Event: 2.962 GC heap after
{Heap after GC invocations=3 (full 0):
 garbage-first heap   total 126976K, used 13714K [0x0000000084400000, 0x0000000100000000)
  region size 1024K, 6 young (6144K), 6 survivors (6144K)
 Metaspace       used 21244K, committed 21504K, reserved 1114112K
  class space    used 2691K, committed 2816K, reserved 1048576K
}
Event: 3.619 GC heap before
{Heap before GC invocations=4 (full 0):
 garbage-first heap   total 51200K, used 33170K [0x0000000084400000, 0x0000000100000000)
  region size 1024K, 26 young (26624K), 6 survivors (6144K)
 Metaspace       used 24935K, committed 25280K, reserved 1114112K
  class space    used 3261K, committed 3392K, reserved 1048576K
}
Event: 3.652 GC heap after
{Heap after GC invocations=5 (full 1):
 garbage-first heap   total 51200K, used 15134K [0x0000000084400000, 0x0000000100000000)
  region size 1024K, 0 young (0K), 0 survivors (0K)
 Metaspace       used 24935K, committed 25280K, reserved 1114112K
  class space    used 3261K, committed 3392K, reserved 1048576K
}
Event: 4.315 GC heap before
{Heap before GC invocations=5 (full 1):
 garbage-first heap   total 51200K, used 33566K [0x0000000084400000, 0x0000000100000000)
  region size 1024K, 19 young (19456K), 0 survivors (0K)
 Metaspace       used 29197K, committed 29568K, reserved 1114112K
  class space    used 3830K, committed 4032K, reserved 1048576K
}
Event: 4.322 GC heap after
{Heap after GC invocations=6 (full 1):
 garbage-first heap   total 51200K, used 17132K [0x0000000084400000, 0x0000000100000000)
  region size 1024K, 2 young (2048K), 2 survivors (2048K)
 Metaspace       used 29197K, committed 29568K, reserved 1114112K
  class space    used 3830K, committed 4032K, reserved 1048576K
}
Event: 4.945 GC heap before
{Heap before GC invocations=6 (full 1):
 garbage-first heap   total 51200K, used 36588K [0x0000000084400000, 0x0000000100000000)
  region size 1024K, 21 young (21504K), 2 survivors (2048K)
 Metaspace       used 33408K, committed 33792K, reserved 1114112K
  class space    used 4460K, committed 4672K, reserved 1048576K
}
Event: 4.949 GC heap after
{Heap after GC invocations=7 (full 1):
 garbage-first heap   total 51200K, used 17885K [0x0000000084400000, 0x0000000100000000)
  region size 1024K, 2 young (2048K), 2 survivors (2048K)
 Metaspace       used 33408K, committed 33792K, reserved 1114112K
  class space    used 4460K, committed 4672K, reserved 1048576K
}
Event: 5.732 GC heap before
{Heap before GC invocations=7 (full 1):
 garbage-first heap   total 51200K, used 36317K [0x0000000084400000, 0x0000000100000000)
  region size 1024K, 20 young (20480K), 2 survivors (2048K)
 Metaspace       used 37892K, committed 38336K, reserved 1114112K
  class space    used 5160K, committed 5376K, reserved 1048576K
}
Event: 5.735 GC heap after
{Heap after GC invocations=8 (full 1):
 garbage-first heap   total 51200K, used 18918K [0x0000000084400000, 0x0000000100000000)
  region size 1024K, 3 young (3072K), 3 survivors (3072K)
 Metaspace       used 37892K, committed 38336K, reserved 1114112K
  class space    used 5160K, committed 5376K, reserved 1048576K
}
Event: 6.156 GC heap before
{Heap before GC invocations=8 (full 1):
 garbage-first heap   total 51200K, used 26086K [0x0000000084400000, 0x0000000100000000)
  region size 1024K, 11 young (11264K), 3 survivors (3072K)
 Metaspace       used 41803K, committed 42176K, reserved 1114112K
  class space    used 5621K, committed 5824K, reserved 1048576K
}
Event: 6.160 GC heap after
{Heap after GC invocations=9 (full 1):
 garbage-first heap   total 51200K, used 20094K [0x0000000084400000, 0x0000000100000000)
  region size 1024K, 3 young (3072K), 3 survivors (3072K)
 Metaspace       used 41803K, committed 42176K, reserved 1114112K
  class space    used 5621K, committed 5824K, reserved 1048576K
}
Event: 6.961 GC heap before
{Heap before GC invocations=10 (full 1):
 garbage-first heap   total 51200K, used 37502K [0x0000000084400000, 0x0000000100000000)
  region size 1024K, 20 young (20480K), 3 survivors (3072K)
 Metaspace       used 47490K, committed 47936K, reserved 1114112K
  class space    used 6405K, committed 6592K, reserved 1048576K
}
Event: 6.965 GC heap after
{Heap after GC invocations=11 (full 1):
 garbage-first heap   total 51200K, used 21433K [0x0000000084400000, 0x0000000100000000)
  region size 1024K, 3 young (3072K), 3 survivors (3072K)
 Metaspace       used 47490K, committed 47936K, reserved 1114112K
  class space    used 6405K, committed 6592K, reserved 1048576K
}
Event: 7.735 GC heap before
{Heap before GC invocations=12 (full 1):
 garbage-first heap   total 51200K, used 37817K [0x0000000084400000, 0x0000000100000000)
  region size 1024K, 20 young (20480K), 3 survivors (3072K)
 Metaspace       used 52177K, committed 52672K, reserved 1114112K
  class space    used 7015K, committed 7232K, reserved 1048576K
}
Event: 7.738 GC heap after
{Heap after GC invocations=13 (full 1):
 garbage-first heap   total 61440K, used 22333K [0x0000000084400000, 0x0000000100000000)
  region size 1024K, 3 young (3072K), 3 survivors (3072K)
 Metaspace       used 52177K, committed 52672K, reserved 1114112K
  class space    used 7015K, committed 7232K, reserved 1048576K
}
Event: 8.563 GC heap before
{Heap before GC invocations=13 (full 1):
 garbage-first heap   total 61440K, used 44861K [0x0000000084400000, 0x0000000100000000)
  region size 1024K, 26 young (26624K), 3 survivors (3072K)
 Metaspace       used 58820K, committed 59328K, reserved 1114112K
  class space    used 8132K, committed 8384K, reserved 1048576K
}
Event: 8.566 GC heap after
{Heap after GC invocations=14 (full 1):
 garbage-first heap   total 61440K, used 23168K [0x0000000084400000, 0x0000000100000000)
  region size 1024K, 2 young (2048K), 2 survivors (2048K)
 Metaspace       used 58820K, committed 59328K, reserved 1114112K
  class space    used 8132K, committed 8384K, reserved 1048576K
}

